<?xml version="1.0" encoding="UTF-8"?>
<testsuite xmlns:xsi="http://www.w3.org/2001/XMLSchema-instance" xsi:noNamespaceSchemaLocation="https://maven.apache.org/surefire/maven-surefire-plugin/xsd/surefire-test-report-3.0.xsd" version="3.0" name="com.javamvchelix.flames_of_freedom_1956.service.UsersServiceTest" time="0.875" tests="5" errors="0" skipped="0" failures="0">
  <properties>
[...]
</properties>
  <testcase name="testLoginSuccess" classname="com.javamvchelix.flames_of_freedom_1956.service.UsersServiceTest" time="0.719">
    <system-err><![CDATA[ápr. 09, 2025 5:46:39 DE. org.hibernate.jpa.boot.internal.PersistenceXmlParser parsePersistenceXml
WARN: HHH015018: Encountered multiple persistence-unit stanzas defining same name [com.JavaMVCHelix_Flames_of_Freedom_1956_war_1.0-SNAPSHOTPU]; persistence-unit names must be unique
ápr. 09, 2025 5:46:39 DE. org.hibernate.jpa.boot.spi.ProviderChecker hibernateProviderNamesContain
WARN: HHH015016: Encountered a deprecated javax.persistence.spi.PersistenceProvider [org.hibernate.ejb.HibernatePersistence]; [org.hibernate.jpa.HibernatePersistenceProvider] will be used instead.
ápr. 09, 2025 5:46:39 DE. org.hibernate.jpa.internal.util.LogHelper logPersistenceUnitInformation
INFO: HHH000204: Processing PersistenceUnitInfo [name: com.JavaMVCHelix_Flames_of_Freedom_1956_war_1.0-SNAPSHOTPU]
ápr. 09, 2025 5:46:39 DE. org.hibernate.engine.jdbc.connections.internal.DriverManagerConnectionProviderImpl configure
WARN: HHH10001002: Using Hibernate built-in connection pool (not for production use!)
ápr. 09, 2025 5:46:39 DE. org.hibernate.engine.jdbc.connections.internal.DriverManagerConnectionProviderImpl buildCreator
INFO: HHH10001005: using driver [org.h2.Driver] at URL [jdbc:h2:mem:testdb;DB_CLOSE_DELAY=-1]
ápr. 09, 2025 5:46:39 DE. org.hibernate.engine.jdbc.connections.internal.DriverManagerConnectionProviderImpl buildCreator
INFO: HHH10001001: Connection properties: {password=****, user=root}
ápr. 09, 2025 5:46:39 DE. org.hibernate.engine.jdbc.connections.internal.DriverManagerConnectionProviderImpl buildCreator
INFO: HHH10001003: Autocommit mode: false
ápr. 09, 2025 5:46:39 DE. org.hibernate.engine.jdbc.connections.internal.DriverManagerConnectionProviderImpl$PooledConnections <init>
INFO: HHH000115: Hibernate connection pool size: 20 (min=1)
ápr. 09, 2025 5:46:39 DE. org.hibernate.dialect.Dialect <init>
INFO: HHH000400: Using dialect: org.hibernate.dialect.H2Dialect
ápr. 09, 2025 5:46:39 DE. org.hibernate.resource.beans.spi.ManagedBeanRegistryInitiator resolveBeanContainer
INFO: HHH10005002: No explicit CDI BeanManager reference was passed to Hibernate, but CDI is available on the Hibernate ClassLoader.
ápr. 09, 2025 5:46:39 DE. org.hibernate.engine.transaction.jta.platform.internal.JtaPlatformInitiator initiateService
INFO: HHH000490: Using JtaPlatform implementation: [org.hibernate.engine.transaction.jta.platform.internal.NoJtaPlatform]
]]></system-err>
  </testcase>
  <testcase name="testLoginUserNotFound" classname="com.javamvchelix.flames_of_freedom_1956.service.UsersServiceTest" time="0.005"/>
  <testcase name="testRegisterUser" classname="com.javamvchelix.flames_of_freedom_1956.service.UsersServiceTest" time="0.139">
    <system-out><![CDATA[Hibernate: {call isUserExists(?,?)}
Hibernate: {call isUserExists(?,?)}
]]></system-out>
    <system-err><![CDATA[ápr. 09, 2025 5:46:40 DE. org.hibernate.engine.jdbc.spi.SqlExceptionHelper logExceptions
WARN: SQL Error: 90022, SQLState: 90022
ápr. 09, 2025 5:46:40 DE. org.hibernate.engine.jdbc.spi.SqlExceptionHelper logExceptions
ERROR: Function "ISUSEREXISTS" not found; SQL statement:
 call isUserExists(?,?)  [90022-200]
Hiba: org.hibernate.exception.SQLGrammarException: could not prepare statement
ápr. 09, 2025 5:46:40 DE. org.hibernate.engine.jdbc.spi.SqlExceptionHelper logExceptions
WARN: SQL Error: 90022, SQLState: 90022
ápr. 09, 2025 5:46:40 DE. org.hibernate.engine.jdbc.spi.SqlExceptionHelper logExceptions
ERROR: Function "ISUSEREXISTS" not found; SQL statement:
 call isUserExists(?,?)  [90022-200]
Hiba: org.hibernate.exception.SQLGrammarException: could not prepare statement
]]></system-err>
  </testcase>
  <testcase name="testLoginModelError" classname="com.javamvchelix.flames_of_freedom_1956.service.UsersServiceTest" time="0.003"/>
  <testcase name="testLoginUserIsDeleted" classname="com.javamvchelix.flames_of_freedom_1956.service.UsersServiceTest" time="0.002"/>
</testsuite>